x=1978 y=2040  defl=   -2,   +8  ->  box (145, 226)
x=1983 y=2025  defl=   +3,   -7  ->  box (145, 225)
x=1980 y=2024  defl=   +0,   -8  ->  box (145, 224)
x=1986 y=2027  defl=   +6,   -5  ->  box (145, 225)
x=1979 y=2041  defl=   -1,   +9  ->  box (145, 226)
x=1981 y=2033  defl=   +1,   +1  ->  box (145, 225)
x=1977 y=2041  defl=   -3,   +9  ->  box (145, 226)
x=1980 y=2025  defl=   +0,   -7  ->  box (145, 225)
x=1981 y=2040  defl=   +1,   +8  ->  box (145, 226)
x=1988 y=2030  defl=   +8,   -2  ->  box (145, 225)
x=1979 y=2041  defl=   -1,   +9  ->  box (145, 226)
x=1981 y=2032  defl=   +1,   +0  ->  box (145, 225)
x=1978 y=2041  defl=   -2,   +9  ->  box (145, 226)
x=1982 y=2034  defl=   +2,   +2  ->  box (145, 225)
x=1980 y=2041  defl=   +0,   +9  ->  box (145, 226)
x=1972 y=2035  defl=   -8,   +3  ->  box (145, 225)
x=1975 y=2042  defl=   -5,  +10  ->  box (145, 226)
x=1974 y=2032  defl=   -6,   +0  ->  box (145, 225)
x=1985 y=2024  defl=   +5,   -8  ->  box (145, 224)
x=1977 y=2035  defl=   -3,   +3  ->  box (145, 225)
x=1978 y=2042  defl=   -2,  +10  ->  box (145, 226)
x=1978 y=2038  defl=   -2,   +6  ->  box (145, 225)
x=1981 y=2024  defl=   +1,   -8  ->  box (145, 224)
x=1985 y=2030  defl=   +5,   -2  ->  box (145, 225)
x=1978 y=2040  defl=   -2,   +8  ->  box (145, 226)
x=1972 y=2038  defl=   -8,   +6  ->  box (145, 225)
x=1977 y=2040  defl=   -3,   +8  ->  box (145, 226)
x=1977 y=2035  defl=   -3,   +3  ->  box (145, 225)
x=1975 y=2041  defl=   -5,   +9  ->  box (145, 226)
x=1979 y=2032  defl=   -1,   +0  ->  box (145, 225)
x=1982 y=2024  defl=   +2,   -8  ->  box (145, 224)
x=1980 y=2031  defl=   +0,   -1  ->  box (145, 225)
x=1982 y=2024  defl=   +2,   -8  ->  box (145, 224)
x=1983 y=2035  defl=   +3,   +3  ->  box (145, 225)
x=1980 y=2023  defl=   +0,   -9  ->  box (145, 224)
x=1986 y=2030  defl=   +6,   -2  ->  box (145, 225)
x=1979 y=2040  defl=   -1,   +8  ->  box (145, 226)
x=1978 y=2034  defl=   -2,   +2  ->  box (145, 225)
x=1985 y=2024  defl=   +5,   -8  ->  box (145, 224)
x=1984 y=2032  defl=   +4,   +0  ->  box (145, 225)
x=1981 y=2040  defl=   +1,   +8  ->  box (145, 226)
x=1982 y=2029  defl=   +2,   -3  ->  box (145, 225)
x=1978 y=2024  defl=   -2,   -8  ->  box (145, 224)
x=1977 y=2032  defl=   -3,   +0  ->  box (145, 225)
x=1983 y=2040  defl=   +3,   +8  ->  box (145, 226)
x=1979 y=2032  defl=   -1,   +0  ->  box (145, 225)
